#
# There is insufficient memory for the Java Runtime Environment to continue.
# Native memory allocation (malloc) failed to allocate 1048576 bytes. Error detail: AllocateHeap
# Possible reasons:
#   The system is out of physical RAM or swap space
#   This process is running with CompressedOops enabled, and the Java Heap may be blocking the growth of the native heap
# Possible solutions:
#   Reduce memory load on the system
#   Increase physical memory or swap space
#   Check if swap backing store is full
#   Decrease Java heap size (-Xmx/-Xms)
#   Decrease number of Java threads
#   Decrease Java thread stack sizes (-Xss)
#   Set larger code cache with -XX:ReservedCodeCacheSize=
#   JVM is running with Unscaled Compressed Oops mode in which the Java heap is
#     placed in the first 4GB address space. The Java Heap base address is the
#     maximum limit for the native heap growth. Please use -XX:HeapBaseMinAddress
#     to set the Java Heap base and to place the Java Heap above 4GB virtual address.
# This output file may be truncated or incomplete.
#
#  Out of Memory Error (allocation.cpp:44), pid=17508, tid=16256
#
# JRE version: OpenJDK Runtime Environment Temurin-21.0.8+9 (21.0.8+9) (build 21.0.8+9-LTS)
# Java VM: OpenJDK 64-Bit Server VM Temurin-21.0.8+9 (21.0.8+9-LTS, mixed mode, sharing, tiered, compressed oops, compressed class ptrs, parallel gc, windows-amd64)
# No core dump will be written. Minidumps are not enabled by default on client versions of Windows
#

---------------  S U M M A R Y ------------

Command Line: --add-modules=ALL-SYSTEM --add-opens=java.base/java.util=ALL-UNNAMED --add-opens=java.base/java.lang=ALL-UNNAMED --add-opens=java.base/sun.nio.fs=ALL-UNNAMED -Declipse.application=org.eclipse.jdt.ls.core.id1 -Dosgi.bundles.defaultStartLevel=4 -Declipse.product=org.eclipse.jdt.ls.core.product -Djava.import.generatesMetadataFilesAtProjectRoot=false -DDetectVMInstallationsJob.disabled=true -Dfile.encoding=utf8 -XX:+UseParallelGC -XX:GCTimeRatio=4 -XX:AdaptiveSizePolicyWeight=90 -Dsun.zip.disableMemoryMapping=true -Xmx2G -Xms100m -Xlog:disable -javaagent:c:\Users\User\.vscode\extensions\redhat.java-1.45.0-win32-x64\lombok\lombok-1.18.39-4050.jar -XX:+HeapDumpOnOutOfMemoryError -XX:HeapDumpPath=c:\Users\User\AppData\Roaming\Code\User\workspaceStorage\0b8f31b96c87767ad25a50a268e9dae7\redhat.java -Daether.dependencyCollector.impl=bf c:\Users\User\.vscode\extensions\redhat.java-1.45.0-win32-x64\server\plugins\org.eclipse.equinox.launcher_1.7.0.v20250519-0528.jar -configuration c:\Users\User\AppData\Roaming\Code\User\globalStorage\redhat.java\1.45.0\config_win -data c:\Users\User\AppData\Roaming\Code\User\workspaceStorage\0b8f31b96c87767ad25a50a268e9dae7\redhat.java\jdt_ws --pipe=\\.\pipe\lsp-9dd8250d5029ec18bfb5597de3139896-sock

Host: 13th Gen Intel(R) Core(TM) i7-13620H, 16 cores, 7G,  Windows 11 , 64 bit Build 26100 (10.0.26100.4484)
Time: Tue Sep  9 11:03:11 2025 Sri Lanka Standard Time elapsed time: 5096.261849 seconds (0d 1h 24m 56s)

---------------  T H R E A D  ---------------

Current thread (0x000001cc898e77a0):  JavaThread "Attach Listener" daemon [_thread_in_vm, id=16256, stack(0x0000002c37700000,0x0000002c37800000) (1024K)]

Stack: [0x0000002c37700000,0x0000002c37800000]
Native frames: (J=compiled Java code, j=interpreted, Vv=VM code, C=native code)
V  [jvm.dll+0x6d2449]
V  [jvm.dll+0x8ae341]
V  [jvm.dll+0x8b08be]
V  [jvm.dll+0x8b0fa3]
V  [jvm.dll+0x280c96]
V  [jvm.dll+0xc0347]
V  [jvm.dll+0x6d2cf9]
V  [jvm.dll+0x131116]
V  [jvm.dll+0x3f2d16]
V  [jvm.dll+0x857e6b]
V  [jvm.dll+0x6d0b0d]
C  [ucrtbase.dll+0x37b0]
C  [KERNEL32.DLL+0x2e8d7]
C  [ntdll.dll+0x3c34c]


---------------  P R O C E S S  ---------------

Threads class SMR info:
_java_thread_list=0x000001ccec308e50, length=44, elements={
0x000001cc8983db30, 0x000001cca0a1d550, 0x000001cca0a1e460, 0x000001cc898e67a0,
0x000001cc898e77a0, 0x000001cc898ea010, 0x000001cc898f79a0, 0x000001cce2f854d0,
0x000001cc898fdfa0, 0x000001cce30f2510, 0x000001cce327f9e0, 0x000001cce9bb97b0,
0x000001cce9b93e10, 0x000001cce9488530, 0x000001cce948ccf0, 0x000001cce9fe4db0,
0x000001ccea0daeb0, 0x000001cce9d94c80, 0x000001cce9d92bb0, 0x000001cce9d945f0,
0x000001cce9d95310, 0x000001cce9d96030, 0x000001ccec9af0d0, 0x000001ccec9ad000,
0x000001ccec9aea40, 0x000001ccec9ac2e0, 0x000001ccec9ac970, 0x000001ccec9abc50,
0x000001ccec9af760, 0x000001ccec9add20, 0x000001ccec9afdf0, 0x000001ccec9ad690,
0x000001ccec9b0480, 0x000001ccec9ae3b0, 0x000001ccec9b2be0, 0x000001ccec9b1830,
0x000001ccec9b0b10, 0x000001ccec9b11a0, 0x000001ccec9b1ec0, 0x000001ccedb9b5a0,
0x000001ccedb9cfe0, 0x000001ccedb9c950, 0x000001ccec7eba10, 0x000001ccec7e92b0
}

Java Threads: ( => current thread )
  0x000001cc8983db30 JavaThread "main"                              [_thread_blocked, id=3568, stack(0x0000002c37000000,0x0000002c37100000) (1024K)]
  0x000001cca0a1d550 JavaThread "Reference Handler"          daemon [_thread_blocked, id=17336, stack(0x0000002c37400000,0x0000002c37500000) (1024K)]
  0x000001cca0a1e460 JavaThread "Finalizer"                  daemon [_thread_blocked, id=17780, stack(0x0000002c37500000,0x0000002c37600000) (1024K)]
  0x000001cc898e67a0 JavaThread "Signal Dispatcher"          daemon [_thread_blocked, id=5680, stack(0x0000002c37600000,0x0000002c37700000) (1024K)]
=>0x000001cc898e77a0 JavaThread "Attach Listener"            daemon [_thread_in_vm, id=16256, stack(0x0000002c37700000,0x0000002c37800000) (1024K)]
  0x000001cc898ea010 JavaThread "Service Thread"             daemon [_thread_blocked, id=16300, stack(0x0000002c37800000,0x0000002c37900000) (1024K)]
  0x000001cc898f79a0 JavaThread "Monitor Deflation Thread"   daemon [_thread_blocked, id=16316, stack(0x0000002c37900000,0x0000002c37a00000) (1024K)]
  0x000001cce2f854d0 JavaThread "C2 CompilerThread0"         daemon [_thread_blocked, id=4484, stack(0x0000002c37a00000,0x0000002c37b00000) (1024K)]
  0x000001cc898fdfa0 JavaThread "C1 CompilerThread0"         daemon [_thread_blocked, id=7200, stack(0x0000002c37b00000,0x0000002c37c00000) (1024K)]
  0x000001cce30f2510 JavaThread "Common-Cleaner"             daemon [_thread_blocked, id=4804, stack(0x0000002c37d00000,0x0000002c37e00000) (1024K)]
  0x000001cce327f9e0 JavaThread "Notification Thread"        daemon [_thread_blocked, id=17280, stack(0x0000002c38100000,0x0000002c38200000) (1024K)]
  0x000001cce9bb97b0 JavaThread "Active Thread: Equinox Container: 1ee6e97a-8adb-4bfa-8579-a42d4c1a0949"        [_thread_blocked, id=9520, stack(0x0000002c38900000,0x0000002c38a00000) (1024K)]
  0x000001cce9b93e10 JavaThread "Refresh Thread: Equinox Container: 1ee6e97a-8adb-4bfa-8579-a42d4c1a0949" daemon [_thread_blocked, id=14256, stack(0x0000002c38a00000,0x0000002c38b00000) (1024K)]
  0x000001cce9488530 JavaThread "Framework Event Dispatcher: Equinox Container: 1ee6e97a-8adb-4bfa-8579-a42d4c1a0949" daemon [_thread_blocked, id=10732, stack(0x0000002c38b00000,0x0000002c38c00000) (1024K)]
  0x000001cce948ccf0 JavaThread "Start Level: Equinox Container: 1ee6e97a-8adb-4bfa-8579-a42d4c1a0949" daemon [_thread_blocked, id=6620, stack(0x0000002c38c00000,0x0000002c38d00000) (1024K)]
  0x000001cce9fe4db0 JavaThread "Bundle File Closer"         daemon [_thread_blocked, id=312, stack(0x0000002c39000000,0x0000002c39100000) (1024K)]
  0x000001ccea0daeb0 JavaThread "SCR Component Actor"        daemon [_thread_blocked, id=6372, stack(0x0000002c38000000,0x0000002c38100000) (1024K)]
  0x000001cce9d94c80 JavaThread "Worker-JM"                         [_thread_blocked, id=17184, stack(0x0000002c39400000,0x0000002c39500000) (1024K)]
  0x000001cce9d92bb0 JavaThread "JNA Cleaner"                daemon [_thread_blocked, id=9136, stack(0x0000002c39600000,0x0000002c39700000) (1024K)]
  0x000001cce9d945f0 JavaThread "Worker-0"                          [_thread_blocked, id=5180, stack(0x0000002c39700000,0x0000002c39800000) (1024K)]
  0x000001cce9d95310 JavaThread "Worker-1"                          [_thread_blocked, id=14708, stack(0x0000002c39800000,0x0000002c39900000) (1024K)]
  0x000001cce9d96030 JavaThread "Java indexing"              daemon [_thread_blocked, id=15192, stack(0x0000002c39b00000,0x0000002c39c00000) (1024K)]
  0x000001ccec9af0d0 JavaThread "Thread-2"                   daemon [_thread_in_native, id=1820, stack(0x0000002c3a700000,0x0000002c3a800000) (1024K)]
  0x000001ccec9ad000 JavaThread "Thread-3"                   daemon [_thread_in_native, id=14820, stack(0x0000002c3a800000,0x0000002c3a900000) (1024K)]
  0x000001ccec9aea40 JavaThread "Thread-4"                   daemon [_thread_in_native, id=4588, stack(0x0000002c3a900000,0x0000002c3aa00000) (1024K)]
  0x000001ccec9ac2e0 JavaThread "Thread-5"                   daemon [_thread_in_native, id=10084, stack(0x0000002c3aa00000,0x0000002c3ab00000) (1024K)]
  0x000001ccec9ac970 JavaThread "Thread-6"                   daemon [_thread_in_native, id=18056, stack(0x0000002c3ab00000,0x0000002c3ac00000) (1024K)]
  0x000001ccec9abc50 JavaThread "Thread-7"                   daemon [_thread_in_native, id=16836, stack(0x0000002c3ac00000,0x0000002c3ad00000) (1024K)]
  0x000001ccec9af760 JavaThread "Thread-8"                   daemon [_thread_in_native, id=5896, stack(0x0000002c3ad00000,0x0000002c3ae00000) (1024K)]
  0x000001ccec9add20 JavaThread "Thread-9"                   daemon [_thread_in_native, id=14884, stack(0x0000002c3ae00000,0x0000002c3af00000) (1024K)]
  0x000001ccec9afdf0 JavaThread "Thread-10"                  daemon [_thread_in_native, id=14664, stack(0x0000002c3af00000,0x0000002c3b000000) (1024K)]
  0x000001ccec9ad690 JavaThread "Thread-11"                  daemon [_thread_in_native, id=18160, stack(0x0000002c3b000000,0x0000002c3b100000) (1024K)]
  0x000001ccec9b0480 JavaThread "Thread-12"                  daemon [_thread_in_native, id=4216, stack(0x0000002c3b100000,0x0000002c3b200000) (1024K)]
  0x000001ccec9ae3b0 JavaThread "Thread-13"                  daemon [_thread_in_native, id=11112, stack(0x0000002c3b200000,0x0000002c3b300000) (1024K)]
  0x000001ccec9b2be0 JavaThread "Thread-14"                  daemon [_thread_in_native, id=4996, stack(0x0000002c3b300000,0x0000002c3b400000) (1024K)]
  0x000001ccec9b1830 JavaThread "Thread-15"                  daemon [_thread_in_native, id=7256, stack(0x0000002c3b400000,0x0000002c3b500000) (1024K)]
  0x000001ccec9b0b10 JavaThread "Thread-16"                  daemon [_thread_in_native, id=7360, stack(0x0000002c3b500000,0x0000002c3b600000) (1024K)]
  0x000001ccec9b11a0 JavaThread "Thread-17"                  daemon [_thread_in_native, id=9848, stack(0x0000002c3b600000,0x0000002c3b700000) (1024K)]
  0x000001ccec9b1ec0 JavaThread "Thread-18"                  daemon [_thread_in_native, id=9312, stack(0x0000002c3b700000,0x0000002c3b800000) (1024K)]
  0x000001ccedb9b5a0 JavaThread "pool-2-thread-1"                   [_thread_blocked, id=8512, stack(0x0000002c3b900000,0x0000002c3ba00000) (1024K)]
  0x000001ccedb9cfe0 JavaThread "WorkspaceEventsHandler"            [_thread_blocked, id=2488, stack(0x0000002c3ba00000,0x0000002c3bb00000) (1024K)]
  0x000001ccedb9c950 JavaThread "pool-1-thread-1"                   [_thread_blocked, id=11640, stack(0x0000002c3bb00000,0x0000002c3bc00000) (1024K)]
  0x000001ccec7eba10 JavaThread "Cleaner-0"                  daemon [_thread_blocked, id=10128, stack(0x0000002c3e500000,0x0000002c3e600000) (1024K)]
  0x000001ccec7e92b0 JavaThread "HttpClient-1-SelectorManager" daemon [_thread_in_native, id=11888, stack(0x0000002c39900000,0x0000002c39a00000) (1024K)]
Total: 44

Other Threads:
  0x000001cca0a04920 VMThread "VM Thread"                           [id=4172, stack(0x0000002c37300000,0x0000002c37400000) (1024K)]
  0x000001cca08fca00 WatcherThread "VM Periodic Task Thread"        [id=16328, stack(0x0000002c37200000,0x0000002c37300000) (1024K)]
  0x000001cc8985c100 WorkerThread "GC Thread#0"                     [id=12464, stack(0x0000002c37100000,0x0000002c37200000) (1024K)]
  0x000001cce95c0eb0 WorkerThread "GC Thread#1"                     [id=13436, stack(0x0000002c38300000,0x0000002c38400000) (1024K)]
  0x000001cce9adba00 WorkerThread "GC Thread#2"                     [id=15776, stack(0x0000002c38400000,0x0000002c38500000) (1024K)]
  0x000001cce9adbda0 WorkerThread "GC Thread#3"                     [id=13940, stack(0x0000002c38500000,0x0000002c38600000) (1024K)]
  0x000001cce9adc550 WorkerThread "GC Thread#4"                     [id=14036, stack(0x0000002c38600000,0x0000002c38700000) (1024K)]
  0x000001cce91bcda0 WorkerThread "GC Thread#5"                     [id=7828, stack(0x0000002c38700000,0x0000002c38800000) (1024K)]
  0x000001cce91bd550 WorkerThread "GC Thread#6"                     [id=15672, stack(0x0000002c38800000,0x0000002c38900000) (1024K)]
  0x000001cce9938000 WorkerThread "GC Thread#7"                     [id=6872, stack(0x0000002c38200000,0x0000002c38300000) (1024K)]
  0x000001ccea024490 WorkerThread "GC Thread#8"                     [id=16924, stack(0x0000002c38d00000,0x0000002c38e00000) (1024K)]
  0x000001cce9debad0 WorkerThread "GC Thread#9"                     [id=6848, stack(0x0000002c38e00000,0x0000002c38f00000) (1024K)]
  0x000001cce9deb390 WorkerThread "GC Thread#10"                    [id=16696, stack(0x0000002c38f00000,0x0000002c39000000) (1024K)]
  0x000001cce9dec5b0 WorkerThread "GC Thread#11"                    [id=12736, stack(0x0000002c39200000,0x0000002c39300000) (1024K)]
  0x000001cce9dec950 WorkerThread "GC Thread#12"                    [id=18044, stack(0x0000002c39300000,0x0000002c39400000) (1024K)]
Total: 15

Threads with active compile tasks:
Total: 0

VM state: not at safepoint (normal execution)

VM Mutex/Monitor currently owned by a thread: None

Heap address: 0x0000000080000000, size: 2048 MB, Compressed Oops mode: 32-bit

CDS archive(s) mapped at: [0x000001cca1000000-0x000001cca1ba0000-0x000001cca1ba0000), size 12189696, SharedBaseAddress: 0x000001cca1000000, ArchiveRelocationMode: 1.
Compressed class space mapped at: 0x000001cca2000000-0x000001cce2000000, reserved size: 1073741824
Narrow klass base: 0x000001cca1000000, Narrow klass shift: 0, Narrow klass range: 0x100000000

GC Precious Log:
 CardTable entry size: 512
 CPUs: 16 total, 16 available
 Memory: 7895M
 Large Page Support: Disabled
 NUMA Support: Disabled
 Compressed Oops: Enabled (32-bit)
 Alignments: Space 512K, Generation 512K, Heap 2M
 Heap Min Capacity: 100M
 Heap Initial Capacity: 100M
 Heap Max Capacity: 2G
 Pre-touch: Disabled
 Parallel Workers: 13

Heap:
 PSYoungGen      total 5632K, used 3688K [0x00000000d5580000, 0x00000000d5d80000, 0x0000000100000000)
  eden space 3072K, 45% used [0x00000000d5580000,0x00000000d56ddaf0,0x00000000d5880000)
  from space 2560K, 89% used [0x00000000d5880000,0x00000000d5abc528,0x00000000d5b00000)
  to   space 2560K, 0% used [0x00000000d5b00000,0x00000000d5b00000,0x00000000d5d80000)
 ParOldGen       total 1288704K, used 1288411K [0x0000000080000000, 0x00000000cea80000, 0x00000000d5580000)
  object space 1288704K, 99% used [0x0000000080000000,0x00000000cea36d60,0x00000000cea80000)
 Metaspace       used 79541K, committed 81152K, reserved 1179648K
  class space    used 8428K, committed 9152K, reserved 1048576K

Card table byte_map: [0x000001cc9bd30000,0x000001cc9c140000] _byte_map_base: 0x000001cc9b930000

Marking Bits: (ParMarkBitMap*) 0x00007ffc347fa340
 Begin Bits: [0x000001cc9c3f0000, 0x000001cc9e3f0000)
 End Bits:   [0x000001cc9e3f0000, 0x000001cca03f0000)

Polling page: 0x000001cc88020000

Metaspace:

Usage:
  Non-class:     69.45 MB used.
      Class:      8.23 MB used.
       Both:     77.68 MB used.

Virtual space:
  Non-class space:      128.00 MB reserved,      70.31 MB ( 55%) committed,  2 nodes.
      Class space:        1.00 GB reserved,       8.94 MB ( <1%) committed,  1 nodes.
             Both:        1.12 GB reserved,      79.25 MB (  7%) committed. 

Chunk freelists:
   Non-Class:  9.70 MB
       Class:  7.07 MB
        Both:  16.77 MB

MaxMetaspaceSize: unlimited
CompressedClassSpaceSize: 1.00 GB
Initial GC threshold: 21.00 MB
Current GC threshold: 97.31 MB
CDS: on
 - commit_granule_bytes: 65536.
 - commit_granule_words: 8192.
 - virtual_space_node_default_size: 8388608.
 - enlarge_chunks_in_place: 1.
 - use_allocation_guard: 0.


Internal statistics:

num_allocs_failed_limit: 9.
num_arena_births: 1388.
num_arena_deaths: 20.
num_vsnodes_births: 3.
num_vsnodes_deaths: 0.
num_space_committed: 1268.
num_space_uncommitted: 0.
num_chunks_returned_to_freelist: 32.
num_chunks_taken_from_freelist: 5099.
num_chunk_merges: 14.
num_chunk_splits: 3046.
num_chunks_enlarged: 1648.
num_inconsistent_stats: 0.

CodeHeap 'non-profiled nmethods': size=119168Kb used=14720Kb max_used=14720Kb free=104447Kb
 bounds [0x000001cc946f0000, 0x000001cc95560000, 0x000001cc9bb50000]
CodeHeap 'profiled nmethods': size=119104Kb used=35536Kb max_used=35536Kb free=83567Kb
 bounds [0x000001cc8cb50000, 0x000001cc8ee10000, 0x000001cc93fa0000]
CodeHeap 'non-nmethods': size=7488Kb used=1510Kb max_used=3245Kb free=5977Kb
 bounds [0x000001cc93fa0000, 0x000001cc942e0000, 0x000001cc946f0000]
CodeCache: size=245760Kb, used=51766Kb, max_used=53501Kb, free=193991Kb
 total_blobs=15519, nmethods=14688, adapters=734, full_count=0
Compilation: enabled, stopped_count=0, restarted_count=0

Compilation events (20 events):
Event: 4386.463 Thread 0x000001cc898fdfa0 15562   !   3       sun.nio.ch.SelectorImpl::lockAndDoSelect (87 bytes)
Event: 4386.463 Thread 0x000001cc898fdfa0 nmethod 15562 0x000001cc8edfe910 code [0x000001cc8edfeb40, 0x000001cc8edff228]
Event: 4386.463 Thread 0x000001cc898fdfa0 15563   !   3       sun.nio.ch.WEPollSelectorImpl::doSelect (132 bytes)
Event: 4386.464 Thread 0x000001cc898fdfa0 nmethod 15563 0x000001cc8edff690 code [0x000001cc8edff960, 0x000001cc8ee004d8]
Event: 4386.464 Thread 0x000001cc898fdfa0 15565       3       sun.nio.ch.SelectorImpl::begin (9 bytes)
Event: 4386.464 Thread 0x000001cc898fdfa0 nmethod 15565 0x000001cc8ee00b10 code [0x000001cc8ee00cc0, 0x000001cc8ee00e28]
Event: 4386.464 Thread 0x000001cc898fdfa0 15566       3       jdk.internal.misc.Blocker::begin (14 bytes)
Event: 4386.464 Thread 0x000001cc898fdfa0 nmethod 15566 0x000001cc8ee00f10 code [0x000001cc8ee010c0, 0x000001cc8ee01248]
Event: 4404.501 Thread 0x000001cc898fdfa0 15567       3       jdk.internal.net.http.ConnectionPool::purgeExpiredConnectionsAndReturnNextDeadline (20 bytes)
Event: 4404.501 Thread 0x000001cc898fdfa0 nmethod 15567 0x000001cc8ee01310 code [0x000001cc8ee014e0, 0x000001cc8ee01740]
Event: 4404.501 Thread 0x000001cc898fdfa0 15568       3       sun.nio.ch.SelectorImpl::select (35 bytes)
Event: 4404.503 Thread 0x000001cc898fdfa0 nmethod 15568 0x000001cc8ee01890 code [0x000001cc8ee01a60, 0x000001cc8ee01d20]
Event: 4465.740 Thread 0x000001cc898fdfa0 15569       3       java.util.concurrent.ForkJoinPool::compareAndExchangeCtl (13 bytes)
Event: 4465.740 Thread 0x000001cc898fdfa0 nmethod 15569 0x000001cc8ee01e10 code [0x000001cc8ee01fc0, 0x000001cc8ee02120]
Event: 4771.396 Thread 0x000001cc898fdfa0 15570       3       sun.nio.ch.WEPollSelectorImpl::processEvents (152 bytes)
Event: 4771.397 Thread 0x000001cc898fdfa0 nmethod 15570 0x000001cc8ee02210 code [0x000001cc8ee024a0, 0x000001cc8ee030c8]
Event: 4771.397 Thread 0x000001cc898fdfa0 15571       3       java.nio.channels.spi.AbstractSelector::begin (48 bytes)
Event: 4771.400 Thread 0x000001cc898fdfa0 nmethod 15571 0x000001cc8ee03610 code [0x000001cc8ee03800, 0x000001cc8ee03dd8]
Event: 5071.192 Thread 0x000001cce2f854d0 15572       4       java.util.concurrent.locks.AbstractQueuedSynchronizer$Node::setStatusRelaxed (12 bytes)
Event: 5071.194 Thread 0x000001cce2f854d0 nmethod 15572 0x000001cc95550090 code [0x000001cc95550220, 0x000001cc955502b0]

GC Heap History (20 events):
Event: 3743.844 GC heap before
{Heap before GC invocations=2199 (full 3):
 PSYoungGen      total 3584K, used 3200K [0x00000000d5580000, 0x00000000d5c80000, 0x0000000100000000)
  eden space 2560K, 100% used [0x00000000d5580000,0x00000000d5800000,0x00000000d5800000)
  from space 1024K, 62% used [0x00000000d5b00000,0x00000000d5ba0000,0x00000000d5c00000)
  to   space 512K, 0% used [0x00000000d5c00000,0x00000000d5c00000,0x00000000d5c80000)
 ParOldGen       total 1282560K, used 1282527K [0x0000000080000000, 0x00000000ce480000, 0x00000000d5580000)
  object space 1282560K, 99% used [0x0000000080000000,0x00000000ce477c08,0x00000000ce480000)
 Metaspace       used 79320K, committed 80960K, reserved 1179648K
  class space    used 8420K, committed 9152K, reserved 1048576K
}
Event: 3743.846 GC heap after
{Heap after GC invocations=2199 (full 3):
 PSYoungGen      total 3072K, used 384K [0x00000000d5580000, 0x00000000d5c80000, 0x0000000100000000)
  eden space 2560K, 0% used [0x00000000d5580000,0x00000000d5580000,0x00000000d5800000)
  from space 512K, 75% used [0x00000000d5c00000,0x00000000d5c60000,0x00000000d5c80000)
  to   space 512K, 0% used [0x00000000d5b80000,0x00000000d5b80000,0x00000000d5c00000)
 ParOldGen       total 1283072K, used 1282607K [0x0000000080000000, 0x00000000ce500000, 0x00000000d5580000)
  object space 1283072K, 99% used [0x0000000080000000,0x00000000ce48bc08,0x00000000ce500000)
 Metaspace       used 79320K, committed 80960K, reserved 1179648K
  class space    used 8420K, committed 9152K, reserved 1048576K
}
Event: 3745.209 GC heap before
{Heap before GC invocations=2200 (full 3):
 PSYoungGen      total 3072K, used 2944K [0x00000000d5580000, 0x00000000d5c80000, 0x0000000100000000)
  eden space 2560K, 100% used [0x00000000d5580000,0x00000000d5800000,0x00000000d5800000)
  from space 512K, 75% used [0x00000000d5c00000,0x00000000d5c60000,0x00000000d5c80000)
  to   space 512K, 0% used [0x00000000d5b80000,0x00000000d5b80000,0x00000000d5c00000)
 ParOldGen       total 1283072K, used 1282607K [0x0000000080000000, 0x00000000ce500000, 0x00000000d5580000)
  object space 1283072K, 99% used [0x0000000080000000,0x00000000ce48bc08,0x00000000ce500000)
 Metaspace       used 79382K, committed 81024K, reserved 1179648K
  class space    used 8420K, committed 9152K, reserved 1048576K
}
Event: 3745.210 GC heap after
{Heap after GC invocations=2200 (full 3):
 PSYoungGen      total 3072K, used 288K [0x00000000d5580000, 0x00000000d5c80000, 0x0000000100000000)
  eden space 2560K, 0% used [0x00000000d5580000,0x00000000d5580000,0x00000000d5800000)
  from space 512K, 56% used [0x00000000d5b80000,0x00000000d5bc8000,0x00000000d5c00000)
  to   space 512K, 0% used [0x00000000d5c00000,0x00000000d5c00000,0x00000000d5c80000)
 ParOldGen       total 1283072K, used 1282703K [0x0000000080000000, 0x00000000ce500000, 0x00000000d5580000)
  object space 1283072K, 99% used [0x0000000080000000,0x00000000ce4a3c08,0x00000000ce500000)
 Metaspace       used 79382K, committed 81024K, reserved 1179648K
  class space    used 8420K, committed 9152K, reserved 1048576K
}
Event: 3745.214 GC heap before
{Heap before GC invocations=2201 (full 3):
 PSYoungGen      total 3072K, used 2848K [0x00000000d5580000, 0x00000000d5c80000, 0x0000000100000000)
  eden space 2560K, 100% used [0x00000000d5580000,0x00000000d5800000,0x00000000d5800000)
  from space 512K, 56% used [0x00000000d5b80000,0x00000000d5bc8000,0x00000000d5c00000)
  to   space 512K, 0% used [0x00000000d5c00000,0x00000000d5c00000,0x00000000d5c80000)
 ParOldGen       total 1283072K, used 1282703K [0x0000000080000000, 0x00000000ce500000, 0x00000000d5580000)
  object space 1283072K, 99% used [0x0000000080000000,0x00000000ce4a3c08,0x00000000ce500000)
 Metaspace       used 79382K, committed 81024K, reserved 1179648K
  class space    used 8420K, committed 9152K, reserved 1048576K
}
Event: 3745.215 GC heap after
{Heap after GC invocations=2201 (full 3):
 PSYoungGen      total 3072K, used 512K [0x00000000d5580000, 0x00000000d5c80000, 0x0000000100000000)
  eden space 2560K, 0% used [0x00000000d5580000,0x00000000d5580000,0x00000000d5800000)
  from space 512K, 100% used [0x00000000d5c00000,0x00000000d5c80000,0x00000000d5c80000)
  to   space 1024K, 0% used [0x00000000d5a80000,0x00000000d5a80000,0x00000000d5b80000)
 ParOldGen       total 1283072K, used 1282823K [0x0000000080000000, 0x00000000ce500000, 0x00000000d5580000)
  object space 1283072K, 99% used [0x0000000080000000,0x00000000ce4c1c08,0x00000000ce500000)
 Metaspace       used 79382K, committed 81024K, reserved 1179648K
  class space    used 8420K, committed 9152K, reserved 1048576K
}
Event: 3745.231 GC heap before
{Heap before GC invocations=2202 (full 3):
 PSYoungGen      total 3072K, used 3072K [0x00000000d5580000, 0x00000000d5c80000, 0x0000000100000000)
  eden space 2560K, 100% used [0x00000000d5580000,0x00000000d5800000,0x00000000d5800000)
  from space 512K, 100% used [0x00000000d5c00000,0x00000000d5c80000,0x00000000d5c80000)
  to   space 1024K, 0% used [0x00000000d5a80000,0x00000000d5a80000,0x00000000d5b80000)
 ParOldGen       total 1283072K, used 1282823K [0x0000000080000000, 0x00000000ce500000, 0x00000000d5580000)
  object space 1283072K, 99% used [0x0000000080000000,0x00000000ce4c1c08,0x00000000ce500000)
 Metaspace       used 79469K, committed 81088K, reserved 1179648K
  class space    used 8427K, committed 9152K, reserved 1048576K
}
Event: 3745.232 GC heap after
{Heap after GC invocations=2202 (full 3):
 PSYoungGen      total 3584K, used 698K [0x00000000d5580000, 0x00000000d5c80000, 0x0000000100000000)
  eden space 2560K, 0% used [0x00000000d5580000,0x00000000d5580000,0x00000000d5800000)
  from space 1024K, 68% used [0x00000000d5a80000,0x00000000d5b2e900,0x00000000d5b80000)
  to   space 1024K, 0% used [0x00000000d5b80000,0x00000000d5b80000,0x00000000d5c80000)
 ParOldGen       total 1283584K, used 1283265K [0x0000000080000000, 0x00000000ce580000, 0x00000000d5580000)
  object space 1283584K, 99% used [0x0000000080000000,0x00000000ce530498,0x00000000ce580000)
 Metaspace       used 79469K, committed 81088K, reserved 1179648K
  class space    used 8427K, committed 9152K, reserved 1048576K
}
Event: 3745.239 GC heap before
{Heap before GC invocations=2203 (full 3):
 PSYoungGen      total 3584K, used 3258K [0x00000000d5580000, 0x00000000d5c80000, 0x0000000100000000)
  eden space 2560K, 100% used [0x00000000d5580000,0x00000000d5800000,0x00000000d5800000)
  from space 1024K, 68% used [0x00000000d5a80000,0x00000000d5b2e900,0x00000000d5b80000)
  to   space 1024K, 0% used [0x00000000d5b80000,0x00000000d5b80000,0x00000000d5c80000)
 ParOldGen       total 1283584K, used 1283265K [0x0000000080000000, 0x00000000ce580000, 0x00000000d5580000)
  object space 1283584K, 99% used [0x0000000080000000,0x00000000ce530498,0x00000000ce580000)
 Metaspace       used 79475K, committed 81088K, reserved 1179648K
  class space    used 8428K, committed 9152K, reserved 1048576K
}
Event: 3745.240 GC heap after
{Heap after GC invocations=2203 (full 3):
 PSYoungGen      total 3072K, used 160K [0x00000000d5580000, 0x00000000d5c00000, 0x0000000100000000)
  eden space 2560K, 0% used [0x00000000d5580000,0x00000000d5580000,0x00000000d5800000)
  from space 512K, 31% used [0x00000000d5b80000,0x00000000d5ba8000,0x00000000d5c00000)
  to   space 512K, 0% used [0x00000000d5b00000,0x00000000d5b00000,0x00000000d5b80000)
 ParOldGen       total 1283584K, used 1283465K [0x0000000080000000, 0x00000000ce580000, 0x00000000d5580000)
  object space 1283584K, 99% used [0x0000000080000000,0x00000000ce562498,0x00000000ce580000)
 Metaspace       used 79475K, committed 81088K, reserved 1179648K
  class space    used 8428K, committed 9152K, reserved 1048576K
}
Event: 3745.524 GC heap before
{Heap before GC invocations=2204 (full 3):
 PSYoungGen      total 3072K, used 2720K [0x00000000d5580000, 0x00000000d5c00000, 0x0000000100000000)
  eden space 2560K, 100% used [0x00000000d5580000,0x00000000d5800000,0x00000000d5800000)
  from space 512K, 31% used [0x00000000d5b80000,0x00000000d5ba8000,0x00000000d5c00000)
  to   space 512K, 0% used [0x00000000d5b00000,0x00000000d5b00000,0x00000000d5b80000)
 ParOldGen       total 1283584K, used 1283465K [0x0000000080000000, 0x00000000ce580000, 0x00000000d5580000)
  object space 1283584K, 99% used [0x0000000080000000,0x00000000ce562498,0x00000000ce580000)
 Metaspace       used 79493K, committed 81088K, reserved 1179648K
  class space    used 8428K, committed 9152K, reserved 1048576K
}
Event: 3745.526 GC heap after
{Heap after GC invocations=2204 (full 3):
 PSYoungGen      total 3072K, used 506K [0x00000000d5580000, 0x00000000d5c00000, 0x0000000100000000)
  eden space 2560K, 0% used [0x00000000d5580000,0x00000000d5580000,0x00000000d5800000)
  from space 512K, 98% used [0x00000000d5b00000,0x00000000d5b7e900,0x00000000d5b80000)
  to   space 512K, 0% used [0x00000000d5b80000,0x00000000d5b80000,0x00000000d5c00000)
 ParOldGen       total 1283584K, used 1283521K [0x0000000080000000, 0x00000000ce580000, 0x00000000d5580000)
  object space 1283584K, 99% used [0x0000000080000000,0x00000000ce570498,0x00000000ce580000)
 Metaspace       used 79493K, committed 81088K, reserved 1179648K
  class space    used 8428K, committed 9152K, reserved 1048576K
}
Event: 3745.533 GC heap before
{Heap before GC invocations=2205 (full 3):
 PSYoungGen      total 3072K, used 3066K [0x00000000d5580000, 0x00000000d5c00000, 0x0000000100000000)
  eden space 2560K, 99% used [0x00000000d5580000,0x00000000d57ffff0,0x00000000d5800000)
  from space 512K, 98% used [0x00000000d5b00000,0x00000000d5b7e900,0x00000000d5b80000)
  to   space 512K, 0% used [0x00000000d5b80000,0x00000000d5b80000,0x00000000d5c00000)
 ParOldGen       total 1283584K, used 1283521K [0x0000000080000000, 0x00000000ce580000, 0x00000000d5580000)
  object space 1283584K, 99% used [0x0000000080000000,0x00000000ce570498,0x00000000ce580000)
 Metaspace       used 79499K, committed 81152K, reserved 1179648K
  class space    used 8428K, committed 9152K, reserved 1048576K
}
Event: 3745.535 GC heap after
{Heap after GC invocations=2205 (full 3):
 PSYoungGen      total 3072K, used 512K [0x00000000d5580000, 0x00000000d5c00000, 0x0000000100000000)
  eden space 2560K, 0% used [0x00000000d5580000,0x00000000d5580000,0x00000000d5800000)
  from space 512K, 100% used [0x00000000d5b80000,0x00000000d5c00000,0x00000000d5c00000)
  to   space 1536K, 0% used [0x00000000d5900000,0x00000000d5900000,0x00000000d5a80000)
 ParOldGen       total 1284096K, used 1283957K [0x0000000080000000, 0x00000000ce600000, 0x00000000d5580000)
  object space 1284096K, 99% used [0x0000000080000000,0x00000000ce5dd628,0x00000000ce600000)
 Metaspace       used 79499K, committed 81152K, reserved 1179648K
  class space    used 8428K, committed 9152K, reserved 1048576K
}
Event: 3745.539 GC heap before
{Heap before GC invocations=2206 (full 3):
 PSYoungGen      total 3072K, used 3072K [0x00000000d5580000, 0x00000000d5c00000, 0x0000000100000000)
  eden space 2560K, 100% used [0x00000000d5580000,0x00000000d5800000,0x00000000d5800000)
  from space 512K, 100% used [0x00000000d5b80000,0x00000000d5c00000,0x00000000d5c00000)
  to   space 1536K, 0% used [0x00000000d5900000,0x00000000d5900000,0x00000000d5a80000)
 ParOldGen       total 1284096K, used 1283957K [0x0000000080000000, 0x00000000ce600000, 0x00000000d5580000)
  object space 1284096K, 99% used [0x0000000080000000,0x00000000ce5dd628,0x00000000ce600000)
 Metaspace       used 79499K, committed 81152K, reserved 1179648K
  class space    used 8428K, committed 9152K, reserved 1048576K
}
Event: 3745.541 GC heap after
{Heap after GC invocations=2206 (full 3):
 PSYoungGen      total 4096K, used 1533K [0x00000000d5580000, 0x00000000d5e00000, 0x0000000100000000)
  eden space 2560K, 0% used [0x00000000d5580000,0x00000000d5580000,0x00000000d5800000)
  from space 1536K, 99% used [0x00000000d5900000,0x00000000d5a7f5a0,0x00000000d5a80000)
  to   space 3072K, 0% used [0x00000000d5b00000,0x00000000d5b00000,0x00000000d5e00000)
 ParOldGen       total 1285120K, used 1284740K [0x0000000080000000, 0x00000000ce700000, 0x00000000d5580000)
  object space 1285120K, 99% used [0x0000000080000000,0x00000000ce6a1328,0x00000000ce700000)
 Metaspace       used 79499K, committed 81152K, reserved 1179648K
  class space    used 8428K, committed 9152K, reserved 1048576K
}
Event: 3745.547 GC heap before
{Heap before GC invocations=2207 (full 3):
 PSYoungGen      total 4096K, used 4093K [0x00000000d5580000, 0x00000000d5e00000, 0x0000000100000000)
  eden space 2560K, 100% used [0x00000000d5580000,0x00000000d5800000,0x00000000d5800000)
  from space 1536K, 99% used [0x00000000d5900000,0x00000000d5a7f5a0,0x00000000d5a80000)
  to   space 3072K, 0% used [0x00000000d5b00000,0x00000000d5b00000,0x00000000d5e00000)
 ParOldGen       total 1285120K, used 1284740K [0x0000000080000000, 0x00000000ce700000, 0x00000000d5580000)
  object space 1285120K, 99% used [0x0000000080000000,0x00000000ce6a1328,0x00000000ce700000)
 Metaspace       used 79499K, committed 81152K, reserved 1179648K
  class space    used 8428K, committed 9152K, reserved 1048576K
}
Event: 3745.549 GC heap after
{Heap after GC invocations=2207 (full 3):
 PSYoungGen      total 5120K, used 2316K [0x00000000d5580000, 0x00000000d5d80000, 0x0000000100000000)
  eden space 2560K, 0% used [0x00000000d5580000,0x00000000d5580000,0x00000000d5800000)
  from space 2560K, 90% used [0x00000000d5b00000,0x00000000d5d431e0,0x00000000d5d80000)
  to   space 2560K, 0% used [0x00000000d5880000,0x00000000d5880000,0x00000000d5b00000)
 ParOldGen       total 1286656K, used 1286298K [0x0000000080000000, 0x00000000ce880000, 0x00000000d5580000)
  object space 1286656K, 99% used [0x0000000080000000,0x00000000ce826900,0x00000000ce880000)
 Metaspace       used 79499K, committed 81152K, reserved 1179648K
  class space    used 8428K, committed 9152K, reserved 1048576K
}
Event: 3745.556 GC heap before
{Heap before GC invocations=2208 (full 3):
 PSYoungGen      total 5120K, used 4876K [0x00000000d5580000, 0x00000000d5d80000, 0x0000000100000000)
  eden space 2560K, 100% used [0x00000000d5580000,0x00000000d5800000,0x00000000d5800000)
  from space 2560K, 90% used [0x00000000d5b00000,0x00000000d5d431e0,0x00000000d5d80000)
  to   space 2560K, 0% used [0x00000000d5880000,0x00000000d5880000,0x00000000d5b00000)
 ParOldGen       total 1286656K, used 1286298K [0x0000000080000000, 0x00000000ce880000, 0x00000000d5580000)
  object space 1286656K, 99% used [0x0000000080000000,0x00000000ce826900,0x00000000ce880000)
 Metaspace       used 79499K, committed 81152K, reserved 1179648K
  class space    used 8428K, committed 9152K, reserved 1048576K
}
Event: 3745.558 GC heap after
{Heap after GC invocations=2208 (full 3):
 PSYoungGen      total 5632K, used 2289K [0x00000000d5580000, 0x00000000d5d80000, 0x0000000100000000)
  eden space 3072K, 0% used [0x00000000d5580000,0x00000000d5580000,0x00000000d5880000)
  from space 2560K, 89% used [0x00000000d5880000,0x00000000d5abc528,0x00000000d5b00000)
  to   space 2560K, 0% used [0x00000000d5b00000,0x00000000d5b00000,0x00000000d5d80000)
 ParOldGen       total 1288704K, used 1288411K [0x0000000080000000, 0x00000000cea80000, 0x00000000d5580000)
  object space 1288704K, 99% used [0x0000000080000000,0x00000000cea36d60,0x00000000cea80000)
 Metaspace       used 79499K, committed 81152K, reserved 1179648K
  class space    used 8428K, committed 9152K, reserved 1048576K
}

Dll operation events (12 events):
Event: 0.011 Loaded shared library c:\Users\User\.vscode\extensions\redhat.java-1.45.0-win32-x64\jre\21.0.8-win32-x86_64\bin\java.dll
Event: 0.081 Loaded shared library c:\Users\User\.vscode\extensions\redhat.java-1.45.0-win32-x64\jre\21.0.8-win32-x86_64\bin\zip.dll
Event: 0.105 Loaded shared library C:\Users\User\.vscode\extensions\redhat.java-1.45.0-win32-x64\jre\21.0.8-win32-x86_64\bin\instrument.dll
Event: 0.111 Loaded shared library C:\Users\User\.vscode\extensions\redhat.java-1.45.0-win32-x64\jre\21.0.8-win32-x86_64\bin\net.dll
Event: 0.114 Loaded shared library C:\Users\User\.vscode\extensions\redhat.java-1.45.0-win32-x64\jre\21.0.8-win32-x86_64\bin\nio.dll
Event: 0.119 Loaded shared library C:\Users\User\.vscode\extensions\redhat.java-1.45.0-win32-x64\jre\21.0.8-win32-x86_64\bin\zip.dll
Event: 0.141 Loaded shared library C:\Users\User\.vscode\extensions\redhat.java-1.45.0-win32-x64\jre\21.0.8-win32-x86_64\bin\jimage.dll
Event: 0.246 Loaded shared library c:\Users\User\.vscode\extensions\redhat.java-1.45.0-win32-x64\jre\21.0.8-win32-x86_64\bin\verify.dll
Event: 1.975 Loaded shared library C:\Users\User\AppData\Roaming\Code\User\globalStorage\redhat.java\1.45.0\config_win\org.eclipse.equinox.launcher\org.eclipse.equinox.launcher.win32.win32.x86_64_1.2.1400.v20250801-0854\eclipse_11916.dll
Event: 3.768 Loaded shared library C:\Users\User\AppData\Local\Temp\jna-2645995\jna7101281007007667155.dll
Event: 3684.129 Loaded shared library C:\Users\User\.vscode\extensions\redhat.java-1.45.0-win32-x64\jre\21.0.8-win32-x86_64\bin\sunmscapi.dll
Event: 3684.215 Loaded shared library C:\Users\User\.vscode\extensions\redhat.java-1.45.0-win32-x64\jre\21.0.8-win32-x86_64\bin\extnet.dll

Deoptimization events (20 events):
Event: 3685.845 Thread 0x000001ccec7e7f00 Uncommon trap: trap_request=0xffffffde fr.pc=0x000001cc947ef8b8 relative=0x0000000000000098
Event: 3685.845 Thread 0x000001ccec7e7f00 Uncommon trap: reason=class_check action=maybe_recompile pc=0x000001cc947ef8b8 method=java.nio.ByteBuffer.position(I)Ljava/nio/Buffer; @ 2 c2
Event: 3685.845 Thread 0x000001ccec7e7f00 DEOPT PACKING pc=0x000001cc947ef8b8 sp=0x0000002c3befde70
Event: 3685.845 Thread 0x000001ccec7e7f00 DEOPT UNPACKING pc=0x000001cc93ff3aa2 sp=0x0000002c3befde08 mode 2
Event: 3685.846 Thread 0x000001ccec7e7f00 Uncommon trap: trap_request=0xffffffde fr.pc=0x000001cc94abb934 relative=0x0000000000000274
Event: 3685.846 Thread 0x000001ccec7e7f00 Uncommon trap: reason=class_check action=maybe_recompile pc=0x000001cc94abb934 method=java.util.Comparator.lambda$comparing$77a9974f$1(Ljava/util/function/Function;Ljava/lang/Object;Ljava/lang/Object;)I @ 7 c2
Event: 3685.846 Thread 0x000001ccec7e7f00 DEOPT PACKING pc=0x000001cc94abb934 sp=0x0000002c3befd8f0
Event: 3685.846 Thread 0x000001ccec7e7f00 DEOPT UNPACKING pc=0x000001cc93ff3aa2 sp=0x0000002c3befd820 mode 2
Event: 3715.852 Thread 0x000001ccec7e92b0 Uncommon trap: trap_request=0xffffffc6 fr.pc=0x000001cc94ad66b4 relative=0x00000000000006b4
Event: 3715.852 Thread 0x000001ccec7e92b0 Uncommon trap: reason=bimorphic_or_optimized_type_check action=maybe_recompile pc=0x000001cc94ad66b4 method=java.nio.channels.spi.AbstractInterruptibleChannel.close()V @ 23 c2
Event: 3715.852 Thread 0x000001ccec7e92b0 DEOPT PACKING pc=0x000001cc94ad66b4 sp=0x0000002c399ff010
Event: 3715.852 Thread 0x000001ccec7e92b0 DEOPT UNPACKING pc=0x000001cc93ff3aa2 sp=0x0000002c399feff0 mode 2
Event: 3715.853 Thread 0x000001ccec7e92b0 Uncommon trap: trap_request=0xffffff45 fr.pc=0x000001cc94e8c68c relative=0x000000000000006c
Event: 3715.853 Thread 0x000001ccec7e92b0 Uncommon trap: reason=unstable_if action=reinterpret pc=0x000001cc94e8c68c method=java.nio.channels.spi.AbstractInterruptibleChannel.isOpen()Z @ 4 c2
Event: 3715.853 Thread 0x000001ccec7e92b0 DEOPT PACKING pc=0x000001cc94e8c68c sp=0x0000002c399ff100
Event: 3715.853 Thread 0x000001ccec7e92b0 DEOPT UNPACKING pc=0x000001cc93ff3aa2 sp=0x0000002c399ff090 mode 2
Event: 3745.213 Thread 0x000001ccf8bf5830 Uncommon trap: trap_request=0xffffff6e fr.pc=0x000001cc9551c314 relative=0x0000000000000db4
Event: 3745.213 Thread 0x000001ccf8bf5830 Uncommon trap: reason=loop_limit_check action=maybe_recompile pc=0x000001cc9551c314 method=org.eclipse.jdt.internal.compiler.lookup.BinaryTypeBinding.createMethods([Lorg/eclipse/jdt/internal/compiler/env/IBinaryMethod;Lorg/eclipse/jdt/internal/compiler/en
Event: 3745.213 Thread 0x000001ccf8bf5830 DEOPT PACKING pc=0x000001cc9551c314 sp=0x0000002c391fdf80
Event: 3745.213 Thread 0x000001ccf8bf5830 DEOPT UNPACKING pc=0x000001cc93ff3aa2 sp=0x0000002c391fdee8 mode 2

Classes loaded (20 events):
Event: 3685.834 Loading class java/util/stream/ReferencePipeline$5
Event: 3685.835 Loading class java/util/stream/LongPipeline$StatelessOp
Event: 3685.836 Loading class java/util/stream/LongPipeline
Event: 3685.836 Loading class java/util/stream/LongStream
Event: 3685.836 Loading class java/util/stream/LongStream done
Event: 3685.836 Loading class java/util/stream/LongPipeline done
Event: 3685.836 Loading class java/util/stream/LongPipeline$StatelessOp done
Event: 3685.836 Loading class java/util/stream/ReferencePipeline$5 done
Event: 3685.837 Loading class java/util/stream/FindOps$FindSink$OfLong
Event: 3685.837 Loading class java/util/stream/Sink$OfLong
Event: 3685.837 Loading class java/util/stream/Sink$OfLong done
Event: 3685.837 Loading class java/util/stream/FindOps$FindSink$OfLong done
Event: 3685.837 Loading class java/util/OptionalLong
Event: 3685.837 Loading class java/util/OptionalLong done
Event: 3685.838 Loading class java/util/stream/ReferencePipeline$5$1
Event: 3685.838 Loading class java/util/stream/ReferencePipeline$5$1 done
Event: 3685.839 Loading class sun/net/www/HeaderParser
Event: 3685.839 Loading class sun/net/www/HeaderParser done
Event: 3685.841 Loading class java/nio/HeapByteBufferR
Event: 3685.842 Loading class java/nio/HeapByteBufferR done

Classes unloaded (10 events):
Event: 4.466 Thread 0x000001cca0a04920 Unloading class 0x000001cca21ab000 'java/lang/invoke/LambdaForm$MH+0x000001cca21ab000'
Event: 4.466 Thread 0x000001cca0a04920 Unloading class 0x000001cca21aac00 'java/lang/invoke/LambdaForm$MH+0x000001cca21aac00'
Event: 4.466 Thread 0x000001cca0a04920 Unloading class 0x000001cca21aa800 'java/lang/invoke/LambdaForm$MH+0x000001cca21aa800'
Event: 4.466 Thread 0x000001cca0a04920 Unloading class 0x000001cca21aa400 'java/lang/invoke/LambdaForm$MH+0x000001cca21aa400'
Event: 4.466 Thread 0x000001cca0a04920 Unloading class 0x000001cca21aa000 'java/lang/invoke/LambdaForm$BMH+0x000001cca21aa000'
Event: 4.466 Thread 0x000001cca0a04920 Unloading class 0x000001cca21a9c00 'java/lang/invoke/LambdaForm$DMH+0x000001cca21a9c00'
Event: 4.466 Thread 0x000001cca0a04920 Unloading class 0x000001cca21a8800 'java/lang/invoke/LambdaForm$DMH+0x000001cca21a8800'
Event: 16.120 Thread 0x000001cca0a04920 Unloading class 0x000001cca26a4c00 'java/lang/invoke/LambdaForm$DMH+0x000001cca26a4c00'
Event: 16.120 Thread 0x000001cca0a04920 Unloading class 0x000001cca26a4800 'java/lang/invoke/LambdaForm$DMH+0x000001cca26a4800'
Event: 16.120 Thread 0x000001cca0a04920 Unloading class 0x000001cca26a4000 'java/lang/invoke/LambdaForm$DMH+0x000001cca26a4000'

Classes redefined (0 events):
No events

Internal exceptions (20 events):
Event: 44.455 Thread 0x000001cce9d96030 Exception <a 'sun/nio/fs/WindowsException'{0x00000000d55dfb58}> (0x00000000d55dfb58) 
thrown [s\src\hotspot\share\prims\jni.cpp, line 520]
Event: 44.504 Thread 0x000001cce9d96030 Exception <a 'sun/nio/fs/WindowsException'{0x00000000d58e1968}> (0x00000000d58e1968) 
thrown [s\src\hotspot\share\prims\jni.cpp, line 520]
Event: 44.540 Thread 0x000001cce9d96030 Exception <a 'sun/nio/fs/WindowsException'{0x00000000d55e5a00}> (0x00000000d55e5a00) 
thrown [s\src\hotspot\share\prims\jni.cpp, line 520]
Event: 44.626 Thread 0x000001cce9d96030 Exception <a 'sun/nio/fs/WindowsException'{0x00000000d5718b58}> (0x00000000d5718b58) 
thrown [s\src\hotspot\share\prims\jni.cpp, line 520]
Event: 44.646 Thread 0x000001cce9d96030 Exception <a 'sun/nio/fs/WindowsException'{0x00000000d55eb518}> (0x00000000d55eb518) 
thrown [s\src\hotspot\share\prims\jni.cpp, line 520]
Event: 44.696 Thread 0x000001cce9d96030 Implicit null exception at 0x000001cc94d6630a to 0x000001cc94d684dc
Event: 44.888 Thread 0x000001cce9d96030 Exception <a 'sun/nio/fs/WindowsException'{0x00000000d586e6a0}> (0x00000000d586e6a0) 
thrown [s\src\hotspot\share\prims\jni.cpp, line 520]
Event: 308.920 Thread 0x000001cce9d945f0 Exception <a 'java/lang/NoSuchMethodError'{0x00000000d57384b0}: static [J.<clinit>()V> (0x00000000d57384b0) 
thrown [s\src\hotspot\share\prims\jni.cpp, line 1111]
Event: 308.923 Thread 0x000001cce9d945f0 Exception <a 'java/lang/NoSuchMethodError'{0x00000000d576d8c0}: 'java.lang.Object java.lang.invoke.DirectMethodHandle$Holder.newInvokeSpecial(java.lang.Object, java.lang.Object, java.lang.Object, java.lang.Object, java.lang.Object, java.lang.Object, java.lang.Object, java.lang.Object)'> (0x00000000d576d8c0) 
thrown [s\src\hotspot\share\interpreter\linkResolver.cpp, line 773]
Event: 2627.530 Thread 0x000001ccedb9c950 Exception <a 'java/lang/IncompatibleClassChangeError'{0x00000000d5834880}: Found class java.lang.Object, but interface was expected> (0x00000000d5834880) 
thrown [s\src\hotspot\share\interpreter\linkResolver.cpp, line 840]
Event: 3680.789 Thread 0x000001ccedb9c950 Exception <a 'java/lang/IncompatibleClassChangeError'{0x00000000d568f068}: Found class java.lang.Object, but interface was expected> (0x00000000d568f068) 
thrown [s\src\hotspot\share\interpreter\linkResolver.cpp, line 840]
Event: 3680.897 Thread 0x000001ccedb9c950 Exception <a 'java/lang/IncompatibleClassChangeError'{0x00000000d56e5af0}: Found class java.lang.Object, but interface was expected> (0x00000000d56e5af0) 
thrown [s\src\hotspot\share\interpreter\linkResolver.cpp, line 840]
Event: 3680.954 Thread 0x000001ccf8bf6550 Exception <a 'java/lang/NoSuchMethodError'{0x00000000d5670ef0}: 'java.lang.Object java.lang.invoke.DirectMethodHandle$Holder.invokeSpecial(java.lang.Object, java.lang.Object, java.lang.Object, java.lang.Object, int, java.lang.Object, java.lang.Object)'> (0x00000000d5670ef0) 
thrown [s\src\hotspot\share\interpreter\linkResolver.cpp, line 773]
Event: 3680.954 Thread 0x000001ccf8bf7900 Exception <a 'java/lang/NoSuchMethodError'{0x00000000d564faa8}: 'java.lang.Object java.lang.invoke.DirectMethodHandle$Holder.invokeSpecial(java.lang.Object, java.lang.Object, java.lang.Object, java.lang.Object, int, java.lang.Object, java.lang.Object)'> (0x00000000d564faa8) 
thrown [s\src\hotspot\share\interpreter\linkResolver.cpp, line 773]
Event: 3681.262 Thread 0x000001ccf8bf6be0 Implicit null exception at 0x000001cc94a1495a to 0x000001cc94a149b3
Event: 3681.262 Thread 0x000001ccf8bf4480 Implicit null exception at 0x000001cc94a1495a to 0x000001cc94a149b3
Event: 3681.262 Thread 0x000001ccf8bf7270 Implicit null exception at 0x000001cc94a1495a to 0x000001cc94a149b3
Event: 3683.626 Thread 0x000001ccf8bf5830 Exception <a 'java/lang/NoSuchMethodError'{0x00000000d55c2548}: 'java.lang.Object java.lang.invoke.DirectMethodHandle$Holder.invokeStaticInit(java.lang.Object, java.lang.Object, int)'> (0x00000000d55c2548) 
thrown [s\src\hotspot\share\interpreter\linkResolver.cpp, line 773]
Event: 3684.231 Thread 0x000001ccf8bf5830 Exception <a 'java/lang/NoSuchMethodError'{0x00000000d55f0d60}: 'void java.lang.invoke.DirectMethodHandle$Holder.invokeStatic(java.lang.Object, java.lang.Object, java.lang.Object, java.lang.Object, java.lang.Object, java.lang.Object, java.lang.Object)'> (0x00000000d55f0d60) 
thrown [s\src\hotspot\share\interpreter\linkResolver.cpp, line 773]
Event: 3684.732 Thread 0x000001ccec7e92b0 Exception <a 'java/lang/NoSuchMethodError'{0x00000000d56a0668}: 'void java.lang.invoke.DirectMethodHandle$Holder.invokeStatic(java.lang.Object, java.lang.Object, int)'> (0x00000000d56a0668) 
thrown [s\src\hotspot\share\interpreter\linkResolver.cpp, line 773]

ZGC Phase Switch (0 events):
No events

VM Operations (20 events):
Event: 4750.066 Executing VM operation: HandshakeAllThreads (HandshakeForDeflation)
Event: 4750.066 Executing VM operation: HandshakeAllThreads (HandshakeForDeflation) done
Event: 4750.066 Executing VM operation: RendezvousGCThreads
Event: 4750.066 Executing VM operation: RendezvousGCThreads done
Event: 4810.260 Executing VM operation: HandshakeAllThreads (HandshakeForDeflation)
Event: 4810.260 Executing VM operation: HandshakeAllThreads (HandshakeForDeflation) done
Event: 4810.260 Executing VM operation: RendezvousGCThreads
Event: 4810.260 Executing VM operation: RendezvousGCThreads done
Event: 4870.269 Executing VM operation: HandshakeAllThreads (HandshakeForDeflation)
Event: 4870.269 Executing VM operation: HandshakeAllThreads (HandshakeForDeflation) done
Event: 4870.269 Executing VM operation: RendezvousGCThreads
Event: 4870.269 Executing VM operation: RendezvousGCThreads done
Event: 4990.386 Executing VM operation: HandshakeAllThreads (HandshakeForDeflation)
Event: 4990.386 Executing VM operation: HandshakeAllThreads (HandshakeForDeflation) done
Event: 4990.386 Executing VM operation: RendezvousGCThreads
Event: 4990.386 Executing VM operation: RendezvousGCThreads done
Event: 5050.410 Executing VM operation: HandshakeAllThreads (HandshakeForDeflation)
Event: 5050.410 Executing VM operation: HandshakeAllThreads (HandshakeForDeflation) done
Event: 5050.410 Executing VM operation: RendezvousGCThreads
Event: 5050.410 Executing VM operation: RendezvousGCThreads done

Memory protections (0 events):
No events

Nmethod flushes (20 events):
Event: 16.168 Thread 0x000001cca0a04920 flushing osr nmethod 0x000001cc8d4b2190
Event: 16.168 Thread 0x000001cca0a04920 flushing osr nmethod 0x000001cc8d4b6590
Event: 16.168 Thread 0x000001cca0a04920 flushing osr nmethod 0x000001cc8d4e4810
Event: 16.168 Thread 0x000001cca0a04920 flushing  nmethod 0x000001cc8d4f9810
Event: 16.168 Thread 0x000001cca0a04920 flushing  nmethod 0x000001cc8d4fcc10
Event: 16.168 Thread 0x000001cca0a04920 flushing  nmethod 0x000001cc8d52c710
Event: 16.168 Thread 0x000001cca0a04920 flushing  nmethod 0x000001cc8d52d090
Event: 16.168 Thread 0x000001cca0a04920 flushing  nmethod 0x000001cc8d530290
Event: 16.168 Thread 0x000001cca0a04920 flushing  nmethod 0x000001cc8d538f90
Event: 16.168 Thread 0x000001cca0a04920 flushing osr nmethod 0x000001cc8d53ca90
Event: 16.168 Thread 0x000001cca0a04920 flushing  nmethod 0x000001cc8d57b990
Event: 16.168 Thread 0x000001cca0a04920 flushing  nmethod 0x000001cc8d58ae10
Event: 16.168 Thread 0x000001cca0a04920 flushing  nmethod 0x000001cc8d58bd10
Event: 16.168 Thread 0x000001cca0a04920 flushing  nmethod 0x000001cc8d58cc90
Event: 16.168 Thread 0x000001cca0a04920 flushing  nmethod 0x000001cc8d58ef90
Event: 16.168 Thread 0x000001cca0a04920 flushing  nmethod 0x000001cc8d590090
Event: 16.168 Thread 0x000001cca0a04920 flushing  nmethod 0x000001cc8d59d990
Event: 16.168 Thread 0x000001cca0a04920 flushing  nmethod 0x000001cc8d5a4b10
Event: 16.168 Thread 0x000001cca0a04920 flushing  nmethod 0x000001cc8d60ee90
Event: 16.168 Thread 0x000001cca0a04920 flushing osr nmethod 0x000001cc8d628210

Events (20 events):
Event: 3744.774 Thread 0x000001ccec7ea660 Thread exited: 0x000001ccec7ea660
Event: 3745.237 Thread 0x000001ccf886d5e0 Thread added: 0x000001ccf886dcb0
Event: 3745.520 Thread 0x000001ccf886dcb0 Thread exited: 0x000001ccf886dcb0
Event: 3745.858 Thread 0x000001ccec7e7f00 Thread exited: 0x000001ccec7e7f00
Event: 3750.673 Thread 0x000001ccf886d5e0 Thread exited: 0x000001ccf886d5e0
Event: 3805.658 Thread 0x000001ccf8bf5830 Thread exited: 0x000001ccf8bf5830
Event: 3865.665 Thread 0x000001ccf8bf30d0 Thread exited: 0x000001ccf8bf30d0
Event: 3925.668 Thread 0x000001ccf8bf7270 Thread exited: 0x000001ccf8bf7270
Event: 3985.675 Thread 0x000001ccf8bf4480 Thread exited: 0x000001ccf8bf4480
Event: 4045.676 Thread 0x000001ccf8bf6be0 Thread exited: 0x000001ccf8bf6be0
Event: 4105.684 Thread 0x000001ccf8bfa060 Thread exited: 0x000001ccf8bfa060
Event: 4165.694 Thread 0x000001ccf8bf6550 Thread exited: 0x000001ccf8bf6550
Event: 4225.695 Thread 0x000001ccf8bf8cb0 Thread exited: 0x000001ccf8bf8cb0
Event: 4285.709 Thread 0x000001ccf8bf9340 Thread exited: 0x000001ccf8bf9340
Event: 4345.721 Thread 0x000001ccf8bf51a0 Thread exited: 0x000001ccf8bf51a0
Event: 4405.729 Thread 0x000001ccf8bf8620 Thread exited: 0x000001ccf8bf8620
Event: 4465.740 Thread 0x000001ccf8bf99d0 Thread exited: 0x000001ccf8bf99d0
Event: 4525.747 Thread 0x000001ccf8bf4b10 Thread exited: 0x000001ccf8bf4b10
Event: 4585.749 Thread 0x000001ccf8bf7900 Thread exited: 0x000001ccf8bf7900
Event: 4645.753 Thread 0x000001ccf8bf3df0 Thread exited: 0x000001ccf8bf3df0


Dynamic libraries:
0x00007ff6a14e0000 - 0x00007ff6a14ee000 	c:\Users\User\.vscode\extensions\redhat.java-1.45.0-win32-x64\jre\21.0.8-win32-x86_64\bin\java.exe
0x00007ffcd7d60000 - 0x00007ffcd7fc8000 	C:\WINDOWS\SYSTEM32\ntdll.dll
0x00007ffcd6bf0000 - 0x00007ffcd6cb9000 	C:\WINDOWS\System32\KERNEL32.DLL
0x00007ffcd5240000 - 0x00007ffcd562d000 	C:\WINDOWS\System32\KERNELBASE.dll
0x00007ffcd5630000 - 0x00007ffcd577b000 	C:\WINDOWS\System32\ucrtbase.dll
0x00007ffc60f90000 - 0x00007ffc60fa8000 	c:\Users\User\.vscode\extensions\redhat.java-1.45.0-win32-x64\jre\21.0.8-win32-x86_64\bin\jli.dll
0x00007ffc605a0000 - 0x00007ffc605be000 	c:\Users\User\.vscode\extensions\redhat.java-1.45.0-win32-x64\jre\21.0.8-win32-x86_64\bin\VCRUNTIME140.dll
0x00007ffcd7750000 - 0x00007ffcd791c000 	C:\WINDOWS\System32\USER32.dll
0x00007ffcbc720000 - 0x00007ffcbc9ba000 	C:\WINDOWS\WinSxS\amd64_microsoft.windows.common-controls_6595b64144ccf1df_6.0.26100.4484_none_3e0e6d4ce32ef3b3\COMCTL32.dll
0x00007ffcd69a0000 - 0x00007ffcd6a49000 	C:\WINDOWS\System32\msvcrt.dll
0x00007ffcd4f50000 - 0x00007ffcd4f77000 	C:\WINDOWS\System32\win32u.dll
0x00007ffcd6bc0000 - 0x00007ffcd6beb000 	C:\WINDOWS\System32\GDI32.dll
0x00007ffcd5100000 - 0x00007ffcd5237000 	C:\WINDOWS\System32\gdi32full.dll
0x00007ffcd5780000 - 0x00007ffcd5823000 	C:\WINDOWS\System32\msvcp_win.dll
0x00007ffcd7ac0000 - 0x00007ffcd7aef000 	C:\WINDOWS\System32\IMM32.DLL
0x00007ffc8cc40000 - 0x00007ffc8cc4c000 	c:\Users\User\.vscode\extensions\redhat.java-1.45.0-win32-x64\jre\21.0.8-win32-x86_64\bin\vcruntime140_1.dll
0x00007ffc491b0000 - 0x00007ffc4923d000 	c:\Users\User\.vscode\extensions\redhat.java-1.45.0-win32-x64\jre\21.0.8-win32-x86_64\bin\msvcp140.dll
0x00007ffc33b40000 - 0x00007ffc348d7000 	c:\Users\User\.vscode\extensions\redhat.java-1.45.0-win32-x64\jre\21.0.8-win32-x86_64\bin\server\jvm.dll
0x00007ffcd64c0000 - 0x00007ffcd6574000 	C:\WINDOWS\System32\ADVAPI32.dll
0x00007ffcd7b00000 - 0x00007ffcd7ba6000 	C:\WINDOWS\System32\sechost.dll
0x00007ffcd6a50000 - 0x00007ffcd6b68000 	C:\WINDOWS\System32\RPCRT4.dll
0x00007ffcd6900000 - 0x00007ffcd6974000 	C:\WINDOWS\System32\WS2_32.dll
0x00007ffcd4660000 - 0x00007ffcd46be000 	C:\WINDOWS\SYSTEM32\POWRPROF.dll
0x00007ffcc8f60000 - 0x00007ffcc8f95000 	C:\WINDOWS\SYSTEM32\WINMM.dll
0x00007ffcc4020000 - 0x00007ffcc402b000 	C:\WINDOWS\SYSTEM32\VERSION.dll
0x00007ffcd4640000 - 0x00007ffcd4654000 	C:\WINDOWS\SYSTEM32\UMPDC.dll
0x00007ffcd3c10000 - 0x00007ffcd3c2b000 	C:\WINDOWS\SYSTEM32\kernel.appcore.dll
0x00007ffc8cba0000 - 0x00007ffc8cbaa000 	c:\Users\User\.vscode\extensions\redhat.java-1.45.0-win32-x64\jre\21.0.8-win32-x86_64\bin\jimage.dll
0x00007ffcd2510000 - 0x00007ffcd2751000 	C:\WINDOWS\SYSTEM32\DBGHELP.DLL
0x00007ffcd6130000 - 0x00007ffcd64b6000 	C:\WINDOWS\System32\combase.dll
0x00007ffcd6580000 - 0x00007ffcd6660000 	C:\WINDOWS\System32\OLEAUT32.dll
0x00007ffcacd00000 - 0x00007ffcacd43000 	C:\WINDOWS\SYSTEM32\dbgcore.DLL
0x00007ffcd4eb0000 - 0x00007ffcd4f49000 	C:\WINDOWS\System32\bcryptPrimitives.dll
0x00007ffc86d70000 - 0x00007ffc86d7f000 	c:\Users\User\.vscode\extensions\redhat.java-1.45.0-win32-x64\jre\21.0.8-win32-x86_64\bin\instrument.dll
0x00007ffc5f300000 - 0x00007ffc5f31f000 	c:\Users\User\.vscode\extensions\redhat.java-1.45.0-win32-x64\jre\21.0.8-win32-x86_64\bin\java.dll
0x00007ffcd6fa0000 - 0x00007ffcd76ea000 	C:\WINDOWS\System32\SHELL32.dll
0x00007ffcd4f80000 - 0x00007ffcd50f4000 	C:\WINDOWS\System32\wintypes.dll
0x00007ffcd2ab0000 - 0x00007ffcd330b000 	C:\WINDOWS\SYSTEM32\windows.storage.dll
0x00007ffcd7920000 - 0x00007ffcd7a15000 	C:\WINDOWS\System32\SHCORE.dll
0x00007ffcd7a20000 - 0x00007ffcd7a8a000 	C:\WINDOWS\System32\shlwapi.dll
0x00007ffcd4dc0000 - 0x00007ffcd4def000 	C:\WINDOWS\SYSTEM32\profapi.dll
0x00007ffc5d460000 - 0x00007ffc5d478000 	c:\Users\User\.vscode\extensions\redhat.java-1.45.0-win32-x64\jre\21.0.8-win32-x86_64\bin\zip.dll
0x00007ffc86470000 - 0x00007ffc86480000 	C:\Users\User\.vscode\extensions\redhat.java-1.45.0-win32-x64\jre\21.0.8-win32-x86_64\bin\net.dll
0x00007ffccb810000 - 0x00007ffccb92e000 	C:\WINDOWS\SYSTEM32\WINHTTP.dll
0x00007ffcd4180000 - 0x00007ffcd41ea000 	C:\WINDOWS\system32\mswsock.dll
0x00007ffc5d110000 - 0x00007ffc5d126000 	C:\Users\User\.vscode\extensions\redhat.java-1.45.0-win32-x64\jre\21.0.8-win32-x86_64\bin\nio.dll
0x00007ffc747f0000 - 0x00007ffc74800000 	c:\Users\User\.vscode\extensions\redhat.java-1.45.0-win32-x64\jre\21.0.8-win32-x86_64\bin\verify.dll
0x00007ffc4b420000 - 0x00007ffc4b464000 	C:\Users\User\AppData\Roaming\Code\User\globalStorage\redhat.java\1.45.0\config_win\org.eclipse.equinox.launcher\org.eclipse.equinox.launcher.win32.win32.x86_64_1.2.1400.v20250801-0854\eclipse_11916.dll
0x00007ffcd6d70000 - 0x00007ffcd6f0e000 	C:\WINDOWS\System32\ole32.dll
0x00007ffcd4560000 - 0x00007ffcd457b000 	C:\WINDOWS\SYSTEM32\CRYPTSP.dll
0x00007ffcd3b70000 - 0x00007ffcd3bab000 	C:\WINDOWS\system32\rsaenh.dll
0x00007ffcd4220000 - 0x00007ffcd424b000 	C:\WINDOWS\SYSTEM32\USERENV.dll
0x00007ffcd4d90000 - 0x00007ffcd4db6000 	C:\WINDOWS\SYSTEM32\bcrypt.dll
0x00007ffcd43c0000 - 0x00007ffcd43cc000 	C:\WINDOWS\SYSTEM32\CRYPTBASE.dll
0x00007ffcd3620000 - 0x00007ffcd3653000 	C:\WINDOWS\SYSTEM32\IPHLPAPI.DLL
0x00007ffcd68e0000 - 0x00007ffcd68ea000 	C:\WINDOWS\System32\NSI.dll
0x00007ffc47740000 - 0x00007ffc47789000 	C:\Users\User\AppData\Local\Temp\jna-2645995\jna7101281007007667155.dll
0x00007ffcd66f0000 - 0x00007ffcd66f8000 	C:\WINDOWS\System32\PSAPI.DLL
0x00007ffccb7e0000 - 0x00007ffccb7ff000 	C:\WINDOWS\SYSTEM32\dhcpcsvc6.DLL
0x00007ffccb7b0000 - 0x00007ffccb7d5000 	C:\WINDOWS\SYSTEM32\dhcpcsvc.DLL
0x00007ffcba5d0000 - 0x00007ffcba5de000 	C:\Users\User\.vscode\extensions\redhat.java-1.45.0-win32-x64\jre\21.0.8-win32-x86_64\bin\sunmscapi.dll
0x00007ffcd58f0000 - 0x00007ffcd5a67000 	C:\WINDOWS\System32\CRYPT32.dll
0x00007ffcd47d0000 - 0x00007ffcd4800000 	C:\WINDOWS\SYSTEM32\ncrypt.dll
0x00007ffcd4780000 - 0x00007ffcd47bf000 	C:\WINDOWS\SYSTEM32\NTASN1.dll
0x00007ffca91b0000 - 0x00007ffca91b8000 	C:\WINDOWS\system32\wshunix.dll
0x00007ffc93120000 - 0x00007ffc93129000 	C:\Users\User\.vscode\extensions\redhat.java-1.45.0-win32-x64\jre\21.0.8-win32-x86_64\bin\extnet.dll
0x00007ffcd36b0000 - 0x00007ffcd37d6000 	C:\WINDOWS\SYSTEM32\DNSAPI.dll
0x00007ffcc1860000 - 0x00007ffcc186b000 	C:\Windows\System32\rasadhlp.dll
0x00007ffccb290000 - 0x00007ffccb316000 	C:\WINDOWS\System32\fwpuclnt.dll

JVMTI agents:
c:\Users\User\.vscode\extensions\redhat.java-1.45.0-win32-x64\lombok\lombok-1.18.39-4050.jar path:c:\Users\User\.vscode\extensions\redhat.java-1.45.0-win32-x64\jre\21.0.8-win32-x86_64\bin\instrument.dll, loaded, initialized, instrumentlib options:none

dbghelp: loaded successfully - version: 4.0.5 - missing functions: none
symbol engine: initialized successfully - sym options: 0x614 - pdb path: .;c:\Users\User\.vscode\extensions\redhat.java-1.45.0-win32-x64\jre\21.0.8-win32-x86_64\bin;C:\WINDOWS\SYSTEM32;C:\WINDOWS\WinSxS\amd64_microsoft.windows.common-controls_6595b64144ccf1df_6.0.26100.4484_none_3e0e6d4ce32ef3b3;c:\Users\User\.vscode\extensions\redhat.java-1.45.0-win32-x64\jre\21.0.8-win32-x86_64\bin\server;C:\Users\User\AppData\Roaming\Code\User\globalStorage\redhat.java\1.45.0\config_win\org.eclipse.equinox.launcher\org.eclipse.equinox.launcher.win32.win32.x86_64_1.2.1400.v20250801-0854;C:\Users\User\AppData\Local\Temp\jna-2645995

VM Arguments:
jvm_args: --add-modules=ALL-SYSTEM --add-opens=java.base/java.util=ALL-UNNAMED --add-opens=java.base/java.lang=ALL-UNNAMED --add-opens=java.base/sun.nio.fs=ALL-UNNAMED -Declipse.application=org.eclipse.jdt.ls.core.id1 -Dosgi.bundles.defaultStartLevel=4 -Declipse.product=org.eclipse.jdt.ls.core.product -Djava.import.generatesMetadataFilesAtProjectRoot=false -DDetectVMInstallationsJob.disabled=true -Dfile.encoding=utf8 -XX:+UseParallelGC -XX:GCTimeRatio=4 -XX:AdaptiveSizePolicyWeight=90 -Dsun.zip.disableMemoryMapping=true -Xmx2G -Xms100m -Xlog:disable -javaagent:c:\Users\User\.vscode\extensions\redhat.java-1.45.0-win32-x64\lombok\lombok-1.18.39-4050.jar -XX:+HeapDumpOnOutOfMemoryError -XX:HeapDumpPath=c:\Users\User\AppData\Roaming\Code\User\workspaceStorage\0b8f31b96c87767ad25a50a268e9dae7\redhat.java -Daether.dependencyCollector.impl=bf 
java_command: c:\Users\User\.vscode\extensions\redhat.java-1.45.0-win32-x64\server\plugins\org.eclipse.equinox.launcher_1.7.0.v20250519-0528.jar -configuration c:\Users\User\AppData\Roaming\Code\User\globalStorage\redhat.java\1.45.0\config_win -data c:\Users\User\AppData\Roaming\Code\User\workspaceStorage\0b8f31b96c87767ad25a50a268e9dae7\redhat.java\jdt_ws --pipe=\\.\pipe\lsp-9dd8250d5029ec18bfb5597de3139896-sock
java_class_path (initial): c:\Users\User\.vscode\extensions\redhat.java-1.45.0-win32-x64\server\plugins\org.eclipse.equinox.launcher_1.7.0.v20250519-0528.jar
Launcher Type: SUN_STANDARD

[Global flags]
    uintx AdaptiveSizePolicyWeight                 = 90                                        {product} {command line}
     intx CICompilerCount                          = 12                                        {product} {ergonomic}
    uintx GCTimeRatio                              = 4                                         {product} {command line}
     bool HeapDumpOnOutOfMemoryError               = true                                   {manageable} {command line}
    ccstr HeapDumpPath                             = c:\Users\User\AppData\Roaming\Code\User\workspaceStorage\0b8f31b96c87767ad25a50a268e9dae7\redhat.java         {manageable} {command line}
   size_t InitialHeapSize                          = 104857600                                 {product} {command line}
   size_t MaxHeapSize                              = 2147483648                                {product} {command line}
   size_t MaxNewSize                               = 715653120                                 {product} {ergonomic}
   size_t MinHeapDeltaBytes                        = 524288                                    {product} {ergonomic}
   size_t MinHeapSize                              = 104857600                                 {product} {command line}
   size_t NewSize                                  = 34603008                                  {product} {ergonomic}
    uintx NonNMethodCodeHeapSize                   = 7602480                                {pd product} {ergonomic}
    uintx NonProfiledCodeHeapSize                  = 122027880                              {pd product} {ergonomic}
   size_t OldSize                                  = 70254592                                  {product} {ergonomic}
    uintx ProfiledCodeHeapSize                     = 122027880                              {pd product} {ergonomic}
    uintx ReservedCodeCacheSize                    = 251658240                              {pd product} {ergonomic}
     bool SegmentedCodeCache                       = true                                      {product} {ergonomic}
   size_t SoftMaxHeapSize                          = 2147483648                             {manageable} {ergonomic}
     bool UseCompressedOops                        = true                           {product lp64_product} {ergonomic}
     bool UseLargePagesIndividualAllocation        = false                                  {pd product} {ergonomic}
     bool UseParallelGC                            = true                                      {product} {command line}

Logging:
Log output configuration:
 #0: stdout all=off uptime,level,tags foldmultilines=false
 #1: stderr all=off uptime,level,tags foldmultilines=false

Environment Variables:
JAVA_HOME=C:\Program Files\Java\jdk-17
PATH=C:\Program Files\Common Files\Oracle\Java\javapath;c:\python313\scripts\;c:\python313\;c:\windows\system32;c:\windows;c:\windows\system32\wbem;c:\windows\system32\windowspowershell\v1.0\;c:\windows\system32\openssh\;c:\program files\process lasso\;c:\program files\dotnet\;c:\program files\git\cmd;c:\users\user\appdata\local\microsoft\windowsapps;c:\users\user\appdata\local\programs\microsoft vs code\bin;c:\users\user\appdata\roaming\npm;c:\users\user\appdata\local\programs\python\launcher;c:\program files\mysql\mysql shell 8.0\bin;c:\users\user\appdata\local\programs\microsoft vs code\bin;c:\flutter\bin;c:\users\user\appdata\local\githubdesktop\bin;c:\users\user\appdata\local\microsoft\windowsapps;c:\users\user\appdata\local\programs\microsoft vs code\bin;c:\users\user\appdata\roaming\npm;c:\users\user\appdata\local\microsoft\windowsapps;c:\users\user\appdata\local\programs\microsoft vs code\bin;c:\users\user\appdata\roaming\npm;c:\users\user\appdata\local\microsoft\windowsapps;c:\users\user\appdata\local\p;C:\Program Files\nodejs\;C:\Users\User\AppData\Local\Microsoft\WindowsApps;C:\Users\User\AppData\Local\Programs\Microsoft VS Code\bin;C:\Users\User\AppData\Roaming\npm
USERNAME=User
OS=Windows_NT
PROCESSOR_IDENTIFIER=Intel64 Family 6 Model 186 Stepping 2, GenuineIntel
TMP=C:\Users\User\AppData\Local\Temp
TEMP=C:\Users\User\AppData\Local\Temp




Periodic native trim disabled

---------------  S Y S T E M  ---------------

OS:
 Windows 11 , 64 bit Build 26100 (10.0.26100.4484)
OS uptime: 0 days 3:47 hours
Hyper-V role detected

CPU: total 16 (initial active 16) (8 cores per cpu, 2 threads per core) family 6 model 186 stepping 2 microcode 0x410e, cx8, cmov, fxsr, ht, mmx, 3dnowpref, sse, sse2, sse3, ssse3, sse4.1, sse4.2, popcnt, lzcnt, tsc, tscinvbit, avx, avx2, aes, erms, clmul, bmi1, bmi2, adx, sha, fma, vzeroupper, clflush, clflushopt, clwb, hv, serialize, rdtscp, rdpid, fsrm, f16c, cet_ibt, cet_ss
Processor Information for the first 16 processors :
  Max Mhz: 2400, Current Mhz: 2400, Mhz Limit: 2400

Memory: 4k page, system-wide physical 7895M (1816M free)
TotalPageFile size 24279M (AvailPageFile size 21M)
current process WorkingSet (physical memory assigned to process): 8M, peak: 1008M
current process commit charge ("private bytes"): 1665M, peak: 1668M

vm_info: OpenJDK 64-Bit Server VM (21.0.8+9-LTS) for windows-amd64 JRE (21.0.8+9-LTS), built on 2025-07-15T00:00:00Z by "admin" with MS VC++ 17.7 (VS2022)

END.
